<?xml version="1.0" encoding="UTF-8"?>
<coverage generated="1586796019">
  <project timestamp="1586796019">
    <file name="C:\xampp\htdocs\protectyourdata\app\Common.php">
      <metrics loc="15" ncloc="2" classes="0" methods="0" coveredmethods="0" conditionals="0" coveredconditionals="0" statements="0" coveredstatements="0" elements="0" coveredelements="0"/>
    </file>
    <package name="Config">
      <file name="C:\xampp\htdocs\protectyourdata\app\Config\App.php">
        <class name="Config\App" namespace="Config">
          <metrics complexity="0" methods="0" coveredmethods="0" conditionals="0" coveredconditionals="0" statements="0" coveredstatements="0" elements="0" coveredelements="0"/>
        </class>
        <metrics loc="268" ncloc="50" classes="0" methods="0" coveredmethods="0" conditionals="0" coveredconditionals="0" statements="0" coveredstatements="0" elements="0" coveredelements="0"/>
      </file>
      <file name="C:\xampp\htdocs\protectyourdata\app\Config\Autoload.php">
        <class name="Config\Autoload" namespace="Config">
          <metrics complexity="1" methods="1" coveredmethods="1" conditionals="0" coveredconditionals="0" statements="9" coveredstatements="9" elements="10" coveredelements="10"/>
        </class>
        <line num="27" type="method" name="__construct" visibility="public" complexity="1" crap="1" count="2"/>
        <line num="29" type="stmt" count="2"/>
        <line num="53" type="stmt" count="2"/>
        <line num="54" type="stmt" count="2"/>
        <line num="55" type="stmt" count="2"/>
        <line num="74" type="stmt" count="2"/>
        <line num="80" type="stmt" count="2"/>
        <line num="81" type="stmt" count="2"/>
        <line num="83" type="stmt" count="2"/>
        <line num="84" type="stmt" count="2"/>
        <metrics loc="88" ncloc="23" classes="1" methods="1" coveredmethods="1" conditionals="0" coveredconditionals="0" statements="9" coveredstatements="9" elements="10" coveredelements="10"/>
      </file>
      <file name="C:\xampp\htdocs\protectyourdata\app\Config\Cache.php">
        <class name="Config\Cache" namespace="Config">
          <metrics complexity="0" methods="0" coveredmethods="0" conditionals="0" coveredconditionals="0" statements="0" coveredstatements="0" elements="0" coveredelements="0"/>
        </class>
        <metrics loc="120" ncloc="40" classes="0" methods="0" coveredmethods="0" conditionals="0" coveredconditionals="0" statements="0" coveredstatements="0" elements="0" coveredelements="0"/>
      </file>
      <file name="C:\xampp\htdocs\protectyourdata\app\Config\ContentSecurityPolicy.php">
        <class name="Config\ContentSecurityPolicy" namespace="Config" fullPackage="Config" package="Config">
          <metrics complexity="0" methods="0" coveredmethods="0" conditionals="0" coveredconditionals="0" statements="0" coveredstatements="0" elements="0" coveredelements="0"/>
        </class>
        <metrics loc="48" ncloc="16" classes="0" methods="0" coveredmethods="0" conditionals="0" coveredconditionals="0" statements="0" coveredstatements="0" elements="0" coveredelements="0"/>
      </file>
      <file name="C:\xampp\htdocs\protectyourdata\app\Config\Database.php">
        <class name="Config\Database" namespace="Config">
          <metrics complexity="6" methods="1" coveredmethods="0" conditionals="0" coveredconditionals="0" statements="9" coveredstatements="0" elements="10" coveredelements="0"/>
        </class>
        <line num="84" type="method" name="__construct" visibility="public" complexity="6" crap="42" count="0"/>
        <line num="86" type="stmt" count="0"/>
        <line num="91" type="stmt" count="0"/>
        <line num="93" type="stmt" count="0"/>
        <line num="97" type="stmt" count="0"/>
        <line num="99" type="stmt" count="0"/>
        <line num="101" type="stmt" count="0"/>
        <line num="103" type="stmt" count="0"/>
        <line num="105" type="stmt" count="0"/>
        <line num="110" type="stmt" count="0"/>
        <metrics loc="114" ncloc="70" classes="1" methods="1" coveredmethods="0" conditionals="0" coveredconditionals="0" statements="9" coveredstatements="0" elements="10" coveredelements="0"/>
      </file>
      <file name="C:\xampp\htdocs\protectyourdata\app\Config\DocTypes.php">
        <class name="Config\DocTypes" namespace="Config">
          <metrics complexity="0" methods="0" coveredmethods="0" conditionals="0" coveredconditionals="0" statements="0" coveredstatements="0" elements="0" coveredelements="0"/>
        </class>
        <metrics loc="33" ncloc="28" classes="0" methods="0" coveredmethods="0" conditionals="0" coveredconditionals="0" statements="0" coveredstatements="0" elements="0" coveredelements="0"/>
      </file>
      <file name="C:\xampp\htdocs\protectyourdata\app\Config\Doctrine.php">
        <class name="Config\Doctrine" namespace="Config">
          <metrics complexity="0" methods="0" coveredmethods="0" conditionals="0" coveredconditionals="0" statements="0" coveredstatements="0" elements="0" coveredelements="0"/>
        </class>
        <metrics loc="13" ncloc="13" classes="0" methods="0" coveredmethods="0" conditionals="0" coveredconditionals="0" statements="0" coveredstatements="0" elements="0" coveredelements="0"/>
      </file>
      <file name="C:\xampp\htdocs\protectyourdata\app\Config\Email.php">
        <class name="Config\Email" namespace="Config">
          <metrics complexity="0" methods="0" coveredmethods="0" conditionals="0" coveredconditionals="0" statements="0" coveredstatements="0" elements="0" coveredelements="0"/>
        </class>
        <metrics loc="171" ncloc="57" classes="0" methods="0" coveredmethods="0" conditionals="0" coveredconditionals="0" statements="0" coveredstatements="0" elements="0" coveredelements="0"/>
      </file>
      <file name="C:\xampp\htdocs\protectyourdata\app\Config\Encryption.php">
        <class name="Config\Encryption" namespace="Config">
          <metrics complexity="0" methods="0" coveredmethods="0" conditionals="0" coveredconditionals="0" statements="0" coveredstatements="0" elements="0" coveredelements="0"/>
        </class>
        <metrics loc="36" ncloc="13" classes="0" methods="0" coveredmethods="0" conditionals="0" coveredconditionals="0" statements="0" coveredstatements="0" elements="0" coveredelements="0"/>
      </file>
      <file name="C:\xampp\htdocs\protectyourdata\app\Config\Exceptions.php">
        <class name="Config\Exceptions" namespace="Config">
          <metrics complexity="0" methods="0" coveredmethods="0" conditionals="0" coveredconditionals="0" statements="0" coveredstatements="0" elements="0" coveredelements="0"/>
        </class>
        <metrics loc="41" ncloc="11" classes="0" methods="0" coveredmethods="0" conditionals="0" coveredconditionals="0" statements="0" coveredstatements="0" elements="0" coveredelements="0"/>
      </file>
      <file name="C:\xampp\htdocs\protectyourdata\app\Config\Filters.php">
        <class name="Config\Filters" namespace="Config">
          <metrics complexity="0" methods="0" coveredmethods="0" conditionals="0" coveredconditionals="0" statements="0" coveredstatements="0" elements="0" coveredelements="0"/>
        </class>
        <metrics loc="36" ncloc="12" classes="0" methods="0" coveredmethods="0" conditionals="0" coveredconditionals="0" statements="0" coveredstatements="0" elements="0" coveredelements="0"/>
      </file>
      <file name="C:\xampp\htdocs\protectyourdata\app\Config\ForeignCharacters.php">
        <class name="Config\ForeignCharacters" namespace="Config">
          <metrics complexity="0" methods="0" coveredmethods="0" conditionals="0" coveredconditionals="0" statements="0" coveredstatements="0" elements="0" coveredelements="0"/>
        </class>
        <metrics loc="6" ncloc="6" classes="0" methods="0" coveredmethods="0" conditionals="0" coveredconditionals="0" statements="0" coveredstatements="0" elements="0" coveredelements="0"/>
      </file>
      <file name="C:\xampp\htdocs\protectyourdata\app\Config\Format.php">
        <class name="Config\Format" namespace="Config">
          <metrics complexity="3" methods="1" coveredmethods="0" conditionals="0" coveredconditionals="0" statements="6" coveredstatements="0" elements="7" coveredelements="0"/>
        </class>
        <line num="52" type="method" name="getFormatter" visibility="public" complexity="3" crap="12" count="0"/>
        <line num="54" type="stmt" count="0"/>
        <line num="56" type="stmt" count="0"/>
        <line num="59" type="stmt" count="0"/>
        <line num="61" type="stmt" count="0"/>
        <line num="63" type="stmt" count="0"/>
        <line num="66" type="stmt" count="0"/>
        <metrics loc="71" ncloc="32" classes="1" methods="1" coveredmethods="0" conditionals="0" coveredconditionals="0" statements="6" coveredstatements="0" elements="7" coveredelements="0"/>
      </file>
      <file name="C:\xampp\htdocs\protectyourdata\app\Config\Honeypot.php">
        <class name="Config\Honeypot" namespace="Config">
          <metrics complexity="0" methods="0" coveredmethods="0" conditionals="0" coveredconditionals="0" statements="0" coveredstatements="0" elements="0" coveredelements="0"/>
        </class>
        <metrics loc="34" ncloc="14" classes="0" methods="0" coveredmethods="0" conditionals="0" coveredconditionals="0" statements="0" coveredstatements="0" elements="0" coveredelements="0"/>
      </file>
      <file name="C:\xampp\htdocs\protectyourdata\app\Config\Images.php">
        <class name="Config\Images" namespace="Config">
          <metrics complexity="0" methods="0" coveredmethods="0" conditionals="0" coveredconditionals="0" statements="0" coveredstatements="0" elements="0" coveredelements="0"/>
        </class>
        <metrics loc="31" ncloc="15" classes="0" methods="0" coveredmethods="0" conditionals="0" coveredconditionals="0" statements="0" coveredstatements="0" elements="0" coveredelements="0"/>
      </file>
      <file name="C:\xampp\htdocs\protectyourdata\app\Config\Kint.php">
        <class name="Config\Kint" namespace="Config">
          <metrics complexity="0" methods="0" coveredmethods="0" conditionals="0" coveredconditionals="0" statements="0" coveredstatements="0" elements="0" coveredelements="0"/>
        </class>
        <metrics loc="62" ncloc="35" classes="0" methods="0" coveredmethods="0" conditionals="0" coveredconditionals="0" statements="0" coveredstatements="0" elements="0" coveredelements="0"/>
      </file>
      <file name="C:\xampp\htdocs\protectyourdata\app\Config\Logger.php">
        <class name="Config\Logger" namespace="Config">
          <metrics complexity="0" methods="0" coveredmethods="0" conditionals="0" coveredconditionals="0" statements="0" coveredstatements="0" elements="0" coveredelements="0"/>
        </class>
        <metrics loc="133" ncloc="25" classes="0" methods="0" coveredmethods="0" conditionals="0" coveredconditionals="0" statements="0" coveredstatements="0" elements="0" coveredelements="0"/>
      </file>
      <file name="C:\xampp\htdocs\protectyourdata\app\Config\Migrations.php">
        <class name="Config\Migrations" namespace="Config">
          <metrics complexity="0" methods="0" coveredmethods="0" conditionals="0" coveredconditionals="0" statements="0" coveredstatements="0" elements="0" coveredelements="0"/>
        </class>
        <metrics loc="50" ncloc="13" classes="0" methods="0" coveredmethods="0" conditionals="0" coveredconditionals="0" statements="0" coveredstatements="0" elements="0" coveredelements="0"/>
      </file>
      <file name="C:\xampp\htdocs\protectyourdata\app\Config\Mimes.php">
        <class name="Config\Mimes" namespace="Config">
          <metrics complexity="14" methods="2" coveredmethods="0" conditionals="0" coveredconditionals="0" statements="14" coveredstatements="0" elements="16" coveredelements="0"/>
        </class>
        <line num="484" type="method" name="guessTypeFromExtension" visibility="public" complexity="3" crap="12" count="0"/>
        <line num="486" type="stmt" count="0"/>
        <line num="488" type="stmt" count="0"/>
        <line num="490" type="stmt" count="0"/>
        <line num="493" type="stmt" count="0"/>
        <line num="506" type="method" name="guessExtensionFromType" visibility="public" complexity="11" crap="132" count="0"/>
        <line num="508" type="stmt" count="0"/>
        <line num="510" type="stmt" count="0"/>
        <line num="512" type="stmt" count="0"/>
        <line num="514" type="stmt" count="0"/>
        <line num="517" type="stmt" count="0"/>
        <line num="519" type="stmt" count="0"/>
        <line num="521" type="stmt" count="0"/>
        <line num="523" type="stmt" count="0"/>
        <line num="525" type="stmt" count="0"/>
        <line num="529" type="stmt" count="0"/>
        <metrics loc="534" ncloc="495" classes="1" methods="2" coveredmethods="0" conditionals="0" coveredconditionals="0" statements="14" coveredstatements="0" elements="16" coveredelements="0"/>
      </file>
      <file name="C:\xampp\htdocs\protectyourdata\app\Config\Modules.php">
        <class name="Config\Modules" namespace="Config">
          <metrics complexity="2" methods="1" coveredmethods="0" conditionals="0" coveredconditionals="0" statements="4" coveredstatements="0" elements="5" coveredelements="0"/>
        </class>
        <line num="56" type="method" name="shouldDiscover" visibility="public" complexity="2" crap="6" count="0"/>
        <line num="58" type="stmt" count="0"/>
        <line num="60" type="stmt" count="0"/>
        <line num="63" type="stmt" count="0"/>
        <line num="65" type="stmt" count="0"/>
        <metrics loc="67" ncloc="26" classes="1" methods="1" coveredmethods="0" conditionals="0" coveredconditionals="0" statements="4" coveredstatements="0" elements="5" coveredelements="0"/>
      </file>
      <file name="C:\xampp\htdocs\protectyourdata\app\Config\Pager.php">
        <class name="Config\Pager" namespace="Config">
          <metrics complexity="0" methods="0" coveredmethods="0" conditionals="0" coveredconditionals="0" statements="0" coveredstatements="0" elements="0" coveredelements="0"/>
        </class>
        <metrics loc="35" ncloc="14" classes="0" methods="0" coveredmethods="0" conditionals="0" coveredconditionals="0" statements="0" coveredstatements="0" elements="0" coveredelements="0"/>
      </file>
      <file name="C:\xampp\htdocs\protectyourdata\app\Config\Paths.php">
        <class name="Config\Paths" namespace="Config">
          <metrics complexity="0" methods="0" coveredmethods="0" conditionals="0" coveredconditionals="0" statements="0" coveredstatements="0" elements="0" coveredelements="0"/>
        </class>
        <metrics loc="73" ncloc="15" classes="0" methods="0" coveredmethods="0" conditionals="0" coveredconditionals="0" statements="0" coveredstatements="0" elements="0" coveredelements="0"/>
      </file>
      <file name="C:\xampp\htdocs\protectyourdata\app\Config\Services.php">
        <class name="Config\Services" namespace="Config">
          <metrics complexity="0" methods="0" coveredmethods="0" conditionals="0" coveredconditionals="0" statements="0" coveredstatements="0" elements="0" coveredelements="0"/>
        </class>
        <line num="6" type="stmt" count="0"/>
        <metrics loc="33" ncloc="2" classes="0" methods="0" coveredmethods="0" conditionals="0" coveredconditionals="0" statements="1" coveredstatements="0" elements="1" coveredelements="0"/>
      </file>
      <file name="C:\xampp\htdocs\protectyourdata\app\Config\Toolbar.php">
        <class name="Config\Toolbar" namespace="Config">
          <metrics complexity="0" methods="0" coveredmethods="0" conditionals="0" coveredconditionals="0" statements="0" coveredstatements="0" elements="0" coveredelements="0"/>
        </class>
        <metrics loc="68" ncloc="21" classes="0" methods="0" coveredmethods="0" conditionals="0" coveredconditionals="0" statements="0" coveredstatements="0" elements="0" coveredelements="0"/>
      </file>
      <file name="C:\xampp\htdocs\protectyourdata\app\Config\Twig.php">
        <class name="Config\Twig" namespace="Config">
          <metrics complexity="0" methods="0" coveredmethods="0" conditionals="0" coveredconditionals="0" statements="0" coveredstatements="0" elements="0" coveredelements="0"/>
        </class>
        <metrics loc="10" ncloc="10" classes="0" methods="0" coveredmethods="0" conditionals="0" coveredconditionals="0" statements="0" coveredstatements="0" elements="0" coveredelements="0"/>
      </file>
      <file name="C:\xampp\htdocs\protectyourdata\app\Config\UserAgents.php">
        <class name="Config\UserAgents" namespace="Config">
          <metrics complexity="0" methods="0" coveredmethods="0" conditionals="0" coveredconditionals="0" statements="0" coveredstatements="0" elements="0" coveredelements="0"/>
        </class>
        <metrics loc="218" ncloc="167" classes="0" methods="0" coveredmethods="0" conditionals="0" coveredconditionals="0" statements="0" coveredstatements="0" elements="0" coveredelements="0"/>
      </file>
      <file name="C:\xampp\htdocs\protectyourdata\app\Config\Validation.php">
        <class name="Config\Validation" namespace="Config">
          <metrics complexity="0" methods="0" coveredmethods="0" conditionals="0" coveredconditionals="0" statements="0" coveredstatements="0" elements="0" coveredelements="0"/>
        </class>
        <metrics loc="36" ncloc="12" classes="0" methods="0" coveredmethods="0" conditionals="0" coveredconditionals="0" statements="0" coveredstatements="0" elements="0" coveredelements="0"/>
      </file>
      <file name="C:\xampp\htdocs\protectyourdata\app\Config\View.php">
        <class name="Config\View" namespace="Config">
          <metrics complexity="0" methods="0" coveredmethods="0" conditionals="0" coveredconditionals="0" statements="0" coveredstatements="0" elements="0" coveredelements="0"/>
        </class>
        <metrics loc="34" ncloc="10" classes="0" methods="0" coveredmethods="0" conditionals="0" coveredconditionals="0" statements="0" coveredstatements="0" elements="0" coveredelements="0"/>
      </file>
      <file name="C:\xampp\htdocs\protectyourdata\app\Config\Zoom.php">
        <class name="Config\Zoom" namespace="Config">
          <metrics complexity="0" methods="0" coveredmethods="0" conditionals="0" coveredconditionals="0" statements="0" coveredstatements="0" elements="0" coveredelements="0"/>
        </class>
        <metrics loc="11" ncloc="11" classes="0" methods="0" coveredmethods="0" conditionals="0" coveredconditionals="0" statements="0" coveredstatements="0" elements="0" coveredelements="0"/>
      </file>
    </package>
    <file name="C:\xampp\htdocs\protectyourdata\app\Config\Boot\development.php">
      <line num="10" type="stmt" count="0"/>
      <line num="11" type="stmt" count="0"/>
      <line num="21" type="stmt" count="0"/>
      <line num="32" type="stmt" count="0"/>
      <metrics loc="32" ncloc="8" classes="0" methods="0" coveredmethods="0" conditionals="0" coveredconditionals="0" statements="4" coveredstatements="0" elements="4" coveredelements="0"/>
    </file>
    <file name="C:\xampp\htdocs\protectyourdata\app\Config\Boot\production.php">
      <line num="10" type="stmt" count="0"/>
      <line num="11" type="stmt" count="0"/>
      <metrics loc="22" ncloc="7" classes="0" methods="0" coveredmethods="0" conditionals="0" coveredconditionals="0" statements="2" coveredstatements="0" elements="2" coveredelements="0"/>
    </file>
    <file name="C:\xampp\htdocs\protectyourdata\app\Config\Boot\testing.php">
      <line num="11" type="stmt" count="0"/>
      <line num="12" type="stmt" count="0"/>
      <metrics loc="33" ncloc="9" classes="0" methods="0" coveredmethods="0" conditionals="0" coveredconditionals="0" statements="2" coveredstatements="0" elements="2" coveredelements="0"/>
    </file>
    <file name="C:\xampp\htdocs\protectyourdata\app\Config\Constants.php">
      <line num="14" type="stmt" count="0"/>
      <line num="24" type="stmt" count="0"/>
      <line num="34" type="stmt" count="0"/>
      <line num="35" type="stmt" count="0"/>
      <line num="36" type="stmt" count="0"/>
      <line num="37" type="stmt" count="0"/>
      <line num="38" type="stmt" count="0"/>
      <line num="39" type="stmt" count="0"/>
      <line num="40" type="stmt" count="0"/>
      <line num="41" type="stmt" count="0"/>
      <line num="68" type="stmt" count="0"/>
      <line num="69" type="stmt" count="0"/>
      <line num="70" type="stmt" count="0"/>
      <line num="71" type="stmt" count="0"/>
      <line num="72" type="stmt" count="0"/>
      <line num="73" type="stmt" count="0"/>
      <line num="74" type="stmt" count="0"/>
      <line num="75" type="stmt" count="0"/>
      <line num="76" type="stmt" count="0"/>
      <line num="77" type="stmt" count="0"/>
      <metrics loc="77" ncloc="-6" classes="0" methods="0" coveredmethods="0" conditionals="0" coveredconditionals="0" statements="20" coveredstatements="0" elements="20" coveredelements="0"/>
    </file>
    <file name="C:\xampp\htdocs\protectyourdata\app\Config\Events.php">
      <line num="23" type="stmt" count="0"/>
      <line num="25" type="stmt" count="0"/>
      <line num="27" type="stmt" count="0"/>
      <line num="31" type="stmt" count="0"/>
      <line num="32" type="stmt" count="0"/>
      <line num="41" type="stmt" count="0"/>
      <line num="43" type="stmt" count="0"/>
      <line num="44" type="stmt" count="0"/>
      <line num="46" type="stmt" count="0"/>
      <metrics loc="46" ncloc="24" classes="0" methods="0" coveredmethods="0" conditionals="0" coveredconditionals="0" statements="9" coveredstatements="0" elements="9" coveredelements="0"/>
    </file>
    <package name="App\Controllers">
      <file name="C:\xampp\htdocs\protectyourdata\app\Controllers\BaseController.php">
        <class name="App\Controllers\BaseController" namespace="App\Controllers">
          <metrics complexity="1" methods="1" coveredmethods="0" conditionals="0" coveredconditionals="0" statements="2" coveredstatements="0" elements="3" coveredelements="0"/>
        </class>
        <line num="34" type="method" name="initController" visibility="public" complexity="1" crap="2" count="0"/>
        <line num="37" type="stmt" count="0"/>
        <line num="44" type="stmt" count="0"/>
        <metrics loc="46" ncloc="12" classes="1" methods="1" coveredmethods="0" conditionals="0" coveredconditionals="0" statements="2" coveredstatements="0" elements="3" coveredelements="0"/>
      </file>
      <file name="C:\xampp\htdocs\protectyourdata\app\Controllers\Home.php">
        <class name="App\Controllers\Home" namespace="App\Controllers">
          <metrics complexity="5" methods="4" coveredmethods="0" conditionals="0" coveredconditionals="0" statements="22" coveredstatements="0" elements="26" coveredelements="0"/>
        </class>
        <line num="5" type="method" name="index" visibility="public" complexity="1" crap="2" count="0"/>
        <line num="14" type="stmt" count="0"/>
        <line num="17" type="method" name="twig_template" visibility="public" complexity="1" crap="2" count="0"/>
        <line num="19" type="stmt" count="0"/>
        <line num="21" type="stmt" count="0"/>
        <line num="22" type="stmt" count="0"/>
        <line num="24" type="stmt" count="0"/>
        <line num="25" type="stmt" count="0"/>
        <line num="26" type="stmt" count="0"/>
        <line num="28" type="method" name="zoom" visibility="public" complexity="1" crap="2" count="0"/>
        <line num="30" type="stmt" count="0"/>
        <line num="31" type="stmt" count="0"/>
        <line num="33" type="stmt" count="0"/>
        <line num="34" type="stmt" count="0"/>
        <line num="35" type="stmt" count="0"/>
        <line num="36" type="stmt" count="0"/>
        <line num="38" type="method" name="token" visibility="public" complexity="2" crap="6" count="0"/>
        <line num="42" type="stmt" count="0"/>
        <line num="43" type="stmt" count="0"/>
        <line num="45" type="stmt" count="0"/>
        <line num="46" type="stmt" count="0"/>
        <line num="48" type="stmt" count="0"/>
        <line num="53" type="stmt" count="0"/>
        <line num="54" type="stmt" count="0"/>
        <line num="56" type="stmt" count="0"/>
        <line num="59" type="stmt" count="0"/>
        <metrics loc="61" ncloc="49" classes="1" methods="4" coveredmethods="0" conditionals="0" coveredconditionals="0" statements="22" coveredstatements="0" elements="26" coveredelements="0"/>
      </file>
    </package>
    <package name="App\Models\Entity">
      <file name="C:\xampp\htdocs\protectyourdata\app\Models\Entity\AutomatonJob.php">
        <class name="App\Models\Entity\AutomatonJob" namespace="App\Models\Entity">
          <metrics complexity="21" methods="21" coveredmethods="0" conditionals="0" coveredconditionals="0" statements="31" coveredstatements="0" elements="52" coveredelements="0"/>
        </class>
        <line num="104" type="method" name="getId" visibility="public" complexity="1" crap="2" count="0"/>
        <line num="106" type="stmt" count="0"/>
        <line num="116" type="method" name="setName" visibility="public" complexity="1" crap="2" count="0"/>
        <line num="118" type="stmt" count="0"/>
        <line num="120" type="stmt" count="0"/>
        <line num="128" type="method" name="getName" visibility="public" complexity="1" crap="2" count="0"/>
        <line num="130" type="stmt" count="0"/>
        <line num="140" type="method" name="setAction" visibility="public" complexity="1" crap="2" count="0"/>
        <line num="142" type="stmt" count="0"/>
        <line num="144" type="stmt" count="0"/>
        <line num="152" type="method" name="getAction" visibility="public" complexity="1" crap="2" count="0"/>
        <line num="154" type="stmt" count="0"/>
        <line num="164" type="method" name="setMethod" visibility="public" complexity="1" crap="2" count="0"/>
        <line num="166" type="stmt" count="0"/>
        <line num="168" type="stmt" count="0"/>
        <line num="176" type="method" name="getMethod" visibility="public" complexity="1" crap="2" count="0"/>
        <line num="178" type="stmt" count="0"/>
        <line num="188" type="method" name="setDescription" visibility="public" complexity="1" crap="2" count="0"/>
        <line num="190" type="stmt" count="0"/>
        <line num="192" type="stmt" count="0"/>
        <line num="200" type="method" name="getDescription" visibility="public" complexity="1" crap="2" count="0"/>
        <line num="202" type="stmt" count="0"/>
        <line num="212" type="method" name="setIcon" visibility="public" complexity="1" crap="2" count="0"/>
        <line num="214" type="stmt" count="0"/>
        <line num="216" type="stmt" count="0"/>
        <line num="224" type="method" name="getIcon" visibility="public" complexity="1" crap="2" count="0"/>
        <line num="226" type="stmt" count="0"/>
        <line num="236" type="method" name="setTtr" visibility="public" complexity="1" crap="2" count="0"/>
        <line num="238" type="stmt" count="0"/>
        <line num="240" type="stmt" count="0"/>
        <line num="248" type="method" name="getTtr" visibility="public" complexity="1" crap="2" count="0"/>
        <line num="250" type="stmt" count="0"/>
        <line num="260" type="method" name="setPriority" visibility="public" complexity="1" crap="2" count="0"/>
        <line num="262" type="stmt" count="0"/>
        <line num="264" type="stmt" count="0"/>
        <line num="272" type="method" name="getPriority" visibility="public" complexity="1" crap="2" count="0"/>
        <line num="274" type="stmt" count="0"/>
        <line num="284" type="method" name="setIsSocial" visibility="public" complexity="1" crap="2" count="0"/>
        <line num="286" type="stmt" count="0"/>
        <line num="288" type="stmt" count="0"/>
        <line num="296" type="method" name="getIsSocial" visibility="public" complexity="1" crap="2" count="0"/>
        <line num="298" type="stmt" count="0"/>
        <line num="308" type="method" name="setActive" visibility="public" complexity="1" crap="2" count="0"/>
        <line num="310" type="stmt" count="0"/>
        <line num="312" type="stmt" count="0"/>
        <line num="320" type="method" name="getActive" visibility="public" complexity="1" crap="2" count="0"/>
        <line num="322" type="stmt" count="0"/>
        <line num="332" type="method" name="setQueue" visibility="public" complexity="1" crap="2" count="0"/>
        <line num="334" type="stmt" count="0"/>
        <line num="336" type="stmt" count="0"/>
        <line num="344" type="method" name="getQueue" visibility="public" complexity="1" crap="2" count="0"/>
        <line num="346" type="stmt" count="0"/>
        <metrics loc="348" ncloc="157" classes="1" methods="21" coveredmethods="0" conditionals="0" coveredconditionals="0" statements="31" coveredstatements="0" elements="52" coveredelements="0"/>
      </file>
      <file name="C:\xampp\htdocs\protectyourdata\app\Models\Entity\AutomatonQueue.php">
        <class name="App\Models\Entity\AutomatonQueue" namespace="App\Models\Entity">
          <metrics complexity="5" methods="5" coveredmethods="0" conditionals="0" coveredconditionals="0" statements="7" coveredstatements="0" elements="12" coveredelements="0"/>
        </class>
        <line num="45" type="method" name="getId" visibility="public" complexity="1" crap="2" count="0"/>
        <line num="47" type="stmt" count="0"/>
        <line num="57" type="method" name="setName" visibility="public" complexity="1" crap="2" count="0"/>
        <line num="59" type="stmt" count="0"/>
        <line num="61" type="stmt" count="0"/>
        <line num="69" type="method" name="getName" visibility="public" complexity="1" crap="2" count="0"/>
        <line num="71" type="stmt" count="0"/>
        <line num="81" type="method" name="setActive" visibility="public" complexity="1" crap="2" count="0"/>
        <line num="83" type="stmt" count="0"/>
        <line num="85" type="stmt" count="0"/>
        <line num="93" type="method" name="getActive" visibility="public" complexity="1" crap="2" count="0"/>
        <line num="95" type="stmt" count="0"/>
        <metrics loc="97" ncloc="45" classes="1" methods="5" coveredmethods="0" conditionals="0" coveredconditionals="0" statements="7" coveredstatements="0" elements="12" coveredelements="0"/>
      </file>
      <file name="C:\xampp\htdocs\protectyourdata\app\Models\Entity\Config.php">
        <class name="App\Models\Entity\Config" namespace="App\Models\Entity">
          <metrics complexity="7" methods="7" coveredmethods="0" conditionals="0" coveredconditionals="0" statements="10" coveredstatements="0" elements="17" coveredelements="0"/>
        </class>
        <line num="52" type="method" name="getId" visibility="public" complexity="1" crap="2" count="0"/>
        <line num="54" type="stmt" count="0"/>
        <line num="64" type="method" name="setKey" visibility="public" complexity="1" crap="2" count="0"/>
        <line num="66" type="stmt" count="0"/>
        <line num="68" type="stmt" count="0"/>
        <line num="76" type="method" name="getKey" visibility="public" complexity="1" crap="2" count="0"/>
        <line num="78" type="stmt" count="0"/>
        <line num="88" type="method" name="setValue" visibility="public" complexity="1" crap="2" count="0"/>
        <line num="90" type="stmt" count="0"/>
        <line num="92" type="stmt" count="0"/>
        <line num="100" type="method" name="getValue" visibility="public" complexity="1" crap="2" count="0"/>
        <line num="102" type="stmt" count="0"/>
        <line num="112" type="method" name="setActive" visibility="public" complexity="1" crap="2" count="0"/>
        <line num="114" type="stmt" count="0"/>
        <line num="116" type="stmt" count="0"/>
        <line num="124" type="method" name="getActive" visibility="public" complexity="1" crap="2" count="0"/>
        <line num="126" type="stmt" count="0"/>
        <metrics loc="128" ncloc="59" classes="1" methods="7" coveredmethods="0" conditionals="0" coveredconditionals="0" statements="10" coveredstatements="0" elements="17" coveredelements="0"/>
      </file>
      <file name="C:\xampp\htdocs\protectyourdata\app\Models\Entity\Crypter.php">
        <class name="App\Models\Entity\Crypter" namespace="App\Models\Entity">
          <metrics complexity="9" methods="9" coveredmethods="0" conditionals="0" coveredconditionals="0" statements="13" coveredstatements="0" elements="22" coveredelements="0"/>
        </class>
        <line num="59" type="method" name="getId" visibility="public" complexity="1" crap="2" count="0"/>
        <line num="61" type="stmt" count="0"/>
        <line num="71" type="method" name="setParam" visibility="public" complexity="1" crap="2" count="0"/>
        <line num="73" type="stmt" count="0"/>
        <line num="75" type="stmt" count="0"/>
        <line num="83" type="method" name="getParam" visibility="public" complexity="1" crap="2" count="0"/>
        <line num="85" type="stmt" count="0"/>
        <line num="95" type="method" name="setValue" visibility="public" complexity="1" crap="2" count="0"/>
        <line num="97" type="stmt" count="0"/>
        <line num="99" type="stmt" count="0"/>
        <line num="107" type="method" name="getValue" visibility="public" complexity="1" crap="2" count="0"/>
        <line num="109" type="stmt" count="0"/>
        <line num="119" type="method" name="setDateExpired" visibility="public" complexity="1" crap="2" count="0"/>
        <line num="121" type="stmt" count="0"/>
        <line num="123" type="stmt" count="0"/>
        <line num="131" type="method" name="getDateExpired" visibility="public" complexity="1" crap="2" count="0"/>
        <line num="133" type="stmt" count="0"/>
        <line num="143" type="method" name="setActive" visibility="public" complexity="1" crap="2" count="0"/>
        <line num="145" type="stmt" count="0"/>
        <line num="147" type="stmt" count="0"/>
        <line num="155" type="method" name="getActive" visibility="public" complexity="1" crap="2" count="0"/>
        <line num="157" type="stmt" count="0"/>
        <metrics loc="159" ncloc="73" classes="1" methods="9" coveredmethods="0" conditionals="0" coveredconditionals="0" statements="13" coveredstatements="0" elements="22" coveredelements="0"/>
      </file>
      <file name="C:\xampp\htdocs\protectyourdata\app\Models\Entity\Menu.php">
        <class name="App\Models\Entity\Menu" namespace="App\Models\Entity">
          <metrics complexity="17" methods="17" coveredmethods="0" conditionals="0" coveredconditionals="0" statements="25" coveredstatements="0" elements="42" coveredelements="0"/>
        </class>
        <line num="90" type="method" name="getId" visibility="public" complexity="1" crap="2" count="0"/>
        <line num="92" type="stmt" count="0"/>
        <line num="102" type="method" name="setName" visibility="public" complexity="1" crap="2" count="0"/>
        <line num="104" type="stmt" count="0"/>
        <line num="106" type="stmt" count="0"/>
        <line num="114" type="method" name="getName" visibility="public" complexity="1" crap="2" count="0"/>
        <line num="116" type="stmt" count="0"/>
        <line num="126" type="method" name="setInterface" visibility="public" complexity="1" crap="2" count="0"/>
        <line num="128" type="stmt" count="0"/>
        <line num="130" type="stmt" count="0"/>
        <line num="138" type="method" name="getInterface" visibility="public" complexity="1" crap="2" count="0"/>
        <line num="140" type="stmt" count="0"/>
        <line num="150" type="method" name="setUrl" visibility="public" complexity="1" crap="2" count="0"/>
        <line num="152" type="stmt" count="0"/>
        <line num="154" type="stmt" count="0"/>
        <line num="162" type="method" name="getUrl" visibility="public" complexity="1" crap="2" count="0"/>
        <line num="164" type="stmt" count="0"/>
        <line num="174" type="method" name="setPosition" visibility="public" complexity="1" crap="2" count="0"/>
        <line num="176" type="stmt" count="0"/>
        <line num="178" type="stmt" count="0"/>
        <line num="186" type="method" name="getPosition" visibility="public" complexity="1" crap="2" count="0"/>
        <line num="188" type="stmt" count="0"/>
        <line num="198" type="method" name="setIcon" visibility="public" complexity="1" crap="2" count="0"/>
        <line num="200" type="stmt" count="0"/>
        <line num="202" type="stmt" count="0"/>
        <line num="210" type="method" name="getIcon" visibility="public" complexity="1" crap="2" count="0"/>
        <line num="212" type="stmt" count="0"/>
        <line num="222" type="method" name="setInMenu" visibility="public" complexity="1" crap="2" count="0"/>
        <line num="224" type="stmt" count="0"/>
        <line num="226" type="stmt" count="0"/>
        <line num="234" type="method" name="getInMenu" visibility="public" complexity="1" crap="2" count="0"/>
        <line num="236" type="stmt" count="0"/>
        <line num="246" type="method" name="setActive" visibility="public" complexity="1" crap="2" count="0"/>
        <line num="248" type="stmt" count="0"/>
        <line num="250" type="stmt" count="0"/>
        <line num="258" type="method" name="getActive" visibility="public" complexity="1" crap="2" count="0"/>
        <line num="260" type="stmt" count="0"/>
        <line num="270" type="method" name="setParent" visibility="public" complexity="1" crap="2" count="0"/>
        <line num="272" type="stmt" count="0"/>
        <line num="274" type="stmt" count="0"/>
        <line num="282" type="method" name="getParent" visibility="public" complexity="1" crap="2" count="0"/>
        <line num="284" type="stmt" count="0"/>
        <metrics loc="286" ncloc="129" classes="1" methods="17" coveredmethods="0" conditionals="0" coveredconditionals="0" statements="25" coveredstatements="0" elements="42" coveredelements="0"/>
      </file>
      <file name="C:\xampp\htdocs\protectyourdata\app\Models\Entity\SocialNetwork.php">
        <class name="App\Models\Entity\SocialNetwork" namespace="App\Models\Entity">
          <metrics complexity="13" methods="13" coveredmethods="0" conditionals="0" coveredconditionals="0" statements="19" coveredstatements="0" elements="32" coveredelements="0"/>
        </class>
        <line num="73" type="method" name="getId" visibility="public" complexity="1" crap="2" count="0"/>
        <line num="75" type="stmt" count="0"/>
        <line num="85" type="method" name="setName" visibility="public" complexity="1" crap="2" count="0"/>
        <line num="87" type="stmt" count="0"/>
        <line num="89" type="stmt" count="0"/>
        <line num="97" type="method" name="getName" visibility="public" complexity="1" crap="2" count="0"/>
        <line num="99" type="stmt" count="0"/>
        <line num="109" type="method" name="setConfiguration" visibility="public" complexity="1" crap="2" count="0"/>
        <line num="111" type="stmt" count="0"/>
        <line num="113" type="stmt" count="0"/>
        <line num="121" type="method" name="getConfiguration" visibility="public" complexity="1" crap="2" count="0"/>
        <line num="123" type="stmt" count="0"/>
        <line num="133" type="method" name="setActions" visibility="public" complexity="1" crap="2" count="0"/>
        <line num="135" type="stmt" count="0"/>
        <line num="137" type="stmt" count="0"/>
        <line num="145" type="method" name="getActions" visibility="public" complexity="1" crap="2" count="0"/>
        <line num="147" type="stmt" count="0"/>
        <line num="157" type="method" name="setDateCreated" visibility="public" complexity="1" crap="2" count="0"/>
        <line num="159" type="stmt" count="0"/>
        <line num="161" type="stmt" count="0"/>
        <line num="169" type="method" name="getDateCreated" visibility="public" complexity="1" crap="2" count="0"/>
        <line num="171" type="stmt" count="0"/>
        <line num="181" type="method" name="setDateModified" visibility="public" complexity="1" crap="2" count="0"/>
        <line num="183" type="stmt" count="0"/>
        <line num="185" type="stmt" count="0"/>
        <line num="193" type="method" name="getDateModified" visibility="public" complexity="1" crap="2" count="0"/>
        <line num="195" type="stmt" count="0"/>
        <line num="205" type="method" name="setActive" visibility="public" complexity="1" crap="2" count="0"/>
        <line num="207" type="stmt" count="0"/>
        <line num="209" type="stmt" count="0"/>
        <line num="217" type="method" name="getActive" visibility="public" complexity="1" crap="2" count="0"/>
        <line num="219" type="stmt" count="0"/>
        <metrics loc="221" ncloc="101" classes="1" methods="13" coveredmethods="0" conditionals="0" coveredconditionals="0" statements="19" coveredstatements="0" elements="32" coveredelements="0"/>
      </file>
      <file name="C:\xampp\htdocs\protectyourdata\app\Models\Entity\SocialNetworkAutomatonJob.php">
        <class name="App\Models\Entity\SocialNetworkAutomatonJob" namespace="App\Models\Entity">
          <metrics complexity="7" methods="7" coveredmethods="0" conditionals="0" coveredconditionals="0" statements="10" coveredstatements="0" elements="17" coveredelements="0"/>
        </class>
        <line num="58" type="method" name="getId" visibility="public" complexity="1" crap="2" count="0"/>
        <line num="60" type="stmt" count="0"/>
        <line num="70" type="method" name="setActive" visibility="public" complexity="1" crap="2" count="0"/>
        <line num="72" type="stmt" count="0"/>
        <line num="74" type="stmt" count="0"/>
        <line num="82" type="method" name="getActive" visibility="public" complexity="1" crap="2" count="0"/>
        <line num="84" type="stmt" count="0"/>
        <line num="94" type="method" name="setAutomatonJob" visibility="public" complexity="1" crap="2" count="0"/>
        <line num="96" type="stmt" count="0"/>
        <line num="98" type="stmt" count="0"/>
        <line num="106" type="method" name="getAutomatonJob" visibility="public" complexity="1" crap="2" count="0"/>
        <line num="108" type="stmt" count="0"/>
        <line num="118" type="method" name="setSocialNetwork" visibility="public" complexity="1" crap="2" count="0"/>
        <line num="120" type="stmt" count="0"/>
        <line num="122" type="stmt" count="0"/>
        <line num="130" type="method" name="getSocialNetwork" visibility="public" complexity="1" crap="2" count="0"/>
        <line num="132" type="stmt" count="0"/>
        <metrics loc="134" ncloc="59" classes="1" methods="7" coveredmethods="0" conditionals="0" coveredconditionals="0" statements="10" coveredstatements="0" elements="17" coveredelements="0"/>
      </file>
      <file name="C:\xampp\htdocs\protectyourdata\app\Models\Entity\SocialNetworkPlan.php">
        <class name="App\Models\Entity\SocialNetworkPlan" namespace="App\Models\Entity">
          <metrics complexity="33" methods="33" coveredmethods="0" conditionals="0" coveredconditionals="0" statements="49" coveredstatements="0" elements="82" coveredelements="0"/>
        </class>
        <line num="146" type="method" name="getId" visibility="public" complexity="1" crap="2" count="0"/>
        <line num="148" type="stmt" count="0"/>
        <line num="158" type="method" name="setName" visibility="public" complexity="1" crap="2" count="0"/>
        <line num="160" type="stmt" count="0"/>
        <line num="162" type="stmt" count="0"/>
        <line num="170" type="method" name="getName" visibility="public" complexity="1" crap="2" count="0"/>
        <line num="172" type="stmt" count="0"/>
        <line num="182" type="method" name="setPrice" visibility="public" complexity="1" crap="2" count="0"/>
        <line num="184" type="stmt" count="0"/>
        <line num="186" type="stmt" count="0"/>
        <line num="194" type="method" name="getPrice" visibility="public" complexity="1" crap="2" count="0"/>
        <line num="196" type="stmt" count="0"/>
        <line num="206" type="method" name="setDuration" visibility="public" complexity="1" crap="2" count="0"/>
        <line num="208" type="stmt" count="0"/>
        <line num="210" type="stmt" count="0"/>
        <line num="218" type="method" name="getDuration" visibility="public" complexity="1" crap="2" count="0"/>
        <line num="220" type="stmt" count="0"/>
        <line num="230" type="method" name="setOffer" visibility="public" complexity="1" crap="2" count="0"/>
        <line num="232" type="stmt" count="0"/>
        <line num="234" type="stmt" count="0"/>
        <line num="242" type="method" name="getOffer" visibility="public" complexity="1" crap="2" count="0"/>
        <line num="244" type="stmt" count="0"/>
        <line num="254" type="method" name="setPermitLikes" visibility="public" complexity="1" crap="2" count="0"/>
        <line num="256" type="stmt" count="0"/>
        <line num="258" type="stmt" count="0"/>
        <line num="266" type="method" name="getPermitLikes" visibility="public" complexity="1" crap="2" count="0"/>
        <line num="268" type="stmt" count="0"/>
        <line num="278" type="method" name="setPermitShares" visibility="public" complexity="1" crap="2" count="0"/>
        <line num="280" type="stmt" count="0"/>
        <line num="282" type="stmt" count="0"/>
        <line num="290" type="method" name="getPermitShares" visibility="public" complexity="1" crap="2" count="0"/>
        <line num="292" type="stmt" count="0"/>
        <line num="302" type="method" name="setPermitFollows" visibility="public" complexity="1" crap="2" count="0"/>
        <line num="304" type="stmt" count="0"/>
        <line num="306" type="stmt" count="0"/>
        <line num="314" type="method" name="getPermitFollows" visibility="public" complexity="1" crap="2" count="0"/>
        <line num="316" type="stmt" count="0"/>
        <line num="326" type="method" name="setLikes" visibility="public" complexity="1" crap="2" count="0"/>
        <line num="328" type="stmt" count="0"/>
        <line num="330" type="stmt" count="0"/>
        <line num="338" type="method" name="getLikes" visibility="public" complexity="1" crap="2" count="0"/>
        <line num="340" type="stmt" count="0"/>
        <line num="350" type="method" name="setShares" visibility="public" complexity="1" crap="2" count="0"/>
        <line num="352" type="stmt" count="0"/>
        <line num="354" type="stmt" count="0"/>
        <line num="362" type="method" name="getShares" visibility="public" complexity="1" crap="2" count="0"/>
        <line num="364" type="stmt" count="0"/>
        <line num="374" type="method" name="setTargets" visibility="public" complexity="1" crap="2" count="0"/>
        <line num="376" type="stmt" count="0"/>
        <line num="378" type="stmt" count="0"/>
        <line num="386" type="method" name="getTargets" visibility="public" complexity="1" crap="2" count="0"/>
        <line num="388" type="stmt" count="0"/>
        <line num="398" type="method" name="setTrackings" visibility="public" complexity="1" crap="2" count="0"/>
        <line num="400" type="stmt" count="0"/>
        <line num="402" type="stmt" count="0"/>
        <line num="410" type="method" name="getTrackings" visibility="public" complexity="1" crap="2" count="0"/>
        <line num="412" type="stmt" count="0"/>
        <line num="422" type="method" name="setProcesses" visibility="public" complexity="1" crap="2" count="0"/>
        <line num="424" type="stmt" count="0"/>
        <line num="426" type="stmt" count="0"/>
        <line num="434" type="method" name="getProcesses" visibility="public" complexity="1" crap="2" count="0"/>
        <line num="436" type="stmt" count="0"/>
        <line num="446" type="method" name="setDateCreated" visibility="public" complexity="1" crap="2" count="0"/>
        <line num="448" type="stmt" count="0"/>
        <line num="450" type="stmt" count="0"/>
        <line num="458" type="method" name="getDateCreated" visibility="public" complexity="1" crap="2" count="0"/>
        <line num="460" type="stmt" count="0"/>
        <line num="470" type="method" name="setDateModified" visibility="public" complexity="1" crap="2" count="0"/>
        <line num="472" type="stmt" count="0"/>
        <line num="474" type="stmt" count="0"/>
        <line num="482" type="method" name="getDateModified" visibility="public" complexity="1" crap="2" count="0"/>
        <line num="484" type="stmt" count="0"/>
        <line num="494" type="method" name="setActive" visibility="public" complexity="1" crap="2" count="0"/>
        <line num="496" type="stmt" count="0"/>
        <line num="498" type="stmt" count="0"/>
        <line num="506" type="method" name="getActive" visibility="public" complexity="1" crap="2" count="0"/>
        <line num="508" type="stmt" count="0"/>
        <line num="518" type="method" name="setSocialNetwork" visibility="public" complexity="1" crap="2" count="0"/>
        <line num="520" type="stmt" count="0"/>
        <line num="522" type="stmt" count="0"/>
        <line num="530" type="method" name="getSocialNetwork" visibility="public" complexity="1" crap="2" count="0"/>
        <line num="532" type="stmt" count="0"/>
        <metrics loc="534" ncloc="241" classes="1" methods="33" coveredmethods="0" conditionals="0" coveredconditionals="0" statements="49" coveredstatements="0" elements="82" coveredelements="0"/>
      </file>
      <file name="C:\xampp\htdocs\protectyourdata\app\Models\Entity\User.php">
        <class name="App\Models\Entity\User" namespace="App\Models\Entity">
          <metrics complexity="21" methods="21" coveredmethods="0" conditionals="0" coveredconditionals="0" statements="31" coveredstatements="0" elements="52" coveredelements="0"/>
        </class>
        <line num="101" type="method" name="getId" visibility="public" complexity="1" crap="2" count="0"/>
        <line num="103" type="stmt" count="0"/>
        <line num="113" type="method" name="setEmail" visibility="public" complexity="1" crap="2" count="0"/>
        <line num="115" type="stmt" count="0"/>
        <line num="117" type="stmt" count="0"/>
        <line num="125" type="method" name="getEmail" visibility="public" complexity="1" crap="2" count="0"/>
        <line num="127" type="stmt" count="0"/>
        <line num="137" type="method" name="setPassword" visibility="public" complexity="1" crap="2" count="0"/>
        <line num="139" type="stmt" count="0"/>
        <line num="141" type="stmt" count="0"/>
        <line num="149" type="method" name="getPassword" visibility="public" complexity="1" crap="2" count="0"/>
        <line num="151" type="stmt" count="0"/>
        <line num="161" type="method" name="setTfaToken" visibility="public" complexity="1" crap="2" count="0"/>
        <line num="163" type="stmt" count="0"/>
        <line num="165" type="stmt" count="0"/>
        <line num="173" type="method" name="getTfaToken" visibility="public" complexity="1" crap="2" count="0"/>
        <line num="175" type="stmt" count="0"/>
        <line num="185" type="method" name="setActivationToken" visibility="public" complexity="1" crap="2" count="0"/>
        <line num="187" type="stmt" count="0"/>
        <line num="189" type="stmt" count="0"/>
        <line num="197" type="method" name="getActivationToken" visibility="public" complexity="1" crap="2" count="0"/>
        <line num="199" type="stmt" count="0"/>
        <line num="209" type="method" name="setRecoveryToken" visibility="public" complexity="1" crap="2" count="0"/>
        <line num="211" type="stmt" count="0"/>
        <line num="213" type="stmt" count="0"/>
        <line num="221" type="method" name="getRecoveryToken" visibility="public" complexity="1" crap="2" count="0"/>
        <line num="223" type="stmt" count="0"/>
        <line num="233" type="method" name="setAffiliate" visibility="public" complexity="1" crap="2" count="0"/>
        <line num="235" type="stmt" count="0"/>
        <line num="237" type="stmt" count="0"/>
        <line num="245" type="method" name="getAffiliate" visibility="public" complexity="1" crap="2" count="0"/>
        <line num="247" type="stmt" count="0"/>
        <line num="257" type="method" name="setDateCreated" visibility="public" complexity="1" crap="2" count="0"/>
        <line num="259" type="stmt" count="0"/>
        <line num="261" type="stmt" count="0"/>
        <line num="269" type="method" name="getDateCreated" visibility="public" complexity="1" crap="2" count="0"/>
        <line num="271" type="stmt" count="0"/>
        <line num="281" type="method" name="setLastLogin" visibility="public" complexity="1" crap="2" count="0"/>
        <line num="283" type="stmt" count="0"/>
        <line num="285" type="stmt" count="0"/>
        <line num="293" type="method" name="getLastLogin" visibility="public" complexity="1" crap="2" count="0"/>
        <line num="295" type="stmt" count="0"/>
        <line num="305" type="method" name="setDateRemove" visibility="public" complexity="1" crap="2" count="0"/>
        <line num="307" type="stmt" count="0"/>
        <line num="309" type="stmt" count="0"/>
        <line num="317" type="method" name="getDateRemove" visibility="public" complexity="1" crap="2" count="0"/>
        <line num="319" type="stmt" count="0"/>
        <line num="329" type="method" name="setActive" visibility="public" complexity="1" crap="2" count="0"/>
        <line num="331" type="stmt" count="0"/>
        <line num="333" type="stmt" count="0"/>
        <line num="341" type="method" name="getActive" visibility="public" complexity="1" crap="2" count="0"/>
        <line num="343" type="stmt" count="0"/>
        <metrics loc="345" ncloc="157" classes="1" methods="21" coveredmethods="0" conditionals="0" coveredconditionals="0" statements="31" coveredstatements="0" elements="52" coveredelements="0"/>
      </file>
      <file name="C:\xampp\htdocs\protectyourdata\app\Models\Entity\UserAffiliate.php">
        <class name="App\Models\Entity\UserAffiliate" namespace="App\Models\Entity">
          <metrics complexity="9" methods="9" coveredmethods="0" conditionals="0" coveredconditionals="0" statements="13" coveredstatements="0" elements="22" coveredelements="0"/>
        </class>
        <line num="62" type="method" name="getId" visibility="public" complexity="1" crap="2" count="0"/>
        <line num="64" type="stmt" count="0"/>
        <line num="74" type="method" name="setRefererId" visibility="public" complexity="1" crap="2" count="0"/>
        <line num="76" type="stmt" count="0"/>
        <line num="78" type="stmt" count="0"/>
        <line num="86" type="method" name="getRefererId" visibility="public" complexity="1" crap="2" count="0"/>
        <line num="88" type="stmt" count="0"/>
        <line num="98" type="method" name="setDateCreated" visibility="public" complexity="1" crap="2" count="0"/>
        <line num="100" type="stmt" count="0"/>
        <line num="102" type="stmt" count="0"/>
        <line num="110" type="method" name="getDateCreated" visibility="public" complexity="1" crap="2" count="0"/>
        <line num="112" type="stmt" count="0"/>
        <line num="122" type="method" name="setStatus" visibility="public" complexity="1" crap="2" count="0"/>
        <line num="124" type="stmt" count="0"/>
        <line num="126" type="stmt" count="0"/>
        <line num="134" type="method" name="getStatus" visibility="public" complexity="1" crap="2" count="0"/>
        <line num="136" type="stmt" count="0"/>
        <line num="146" type="method" name="setUser" visibility="public" complexity="1" crap="2" count="0"/>
        <line num="148" type="stmt" count="0"/>
        <line num="150" type="stmt" count="0"/>
        <line num="158" type="method" name="getUser" visibility="public" complexity="1" crap="2" count="0"/>
        <line num="160" type="stmt" count="0"/>
        <metrics loc="162" ncloc="73" classes="1" methods="9" coveredmethods="0" conditionals="0" coveredconditionals="0" statements="13" coveredstatements="0" elements="22" coveredelements="0"/>
      </file>
      <file name="C:\xampp\htdocs\protectyourdata\app\Models\Entity\UserBlacklist.php">
        <class name="App\Models\Entity\UserBlacklist" namespace="App\Models\Entity">
          <metrics complexity="9" methods="9" coveredmethods="0" conditionals="0" coveredconditionals="0" statements="13" coveredstatements="0" elements="22" coveredelements="0"/>
        </class>
        <line num="62" type="method" name="getId" visibility="public" complexity="1" crap="2" count="0"/>
        <line num="64" type="stmt" count="0"/>
        <line num="74" type="method" name="setKeyword" visibility="public" complexity="1" crap="2" count="0"/>
        <line num="76" type="stmt" count="0"/>
        <line num="78" type="stmt" count="0"/>
        <line num="86" type="method" name="getKeyword" visibility="public" complexity="1" crap="2" count="0"/>
        <line num="88" type="stmt" count="0"/>
        <line num="98" type="method" name="setDateCreated" visibility="public" complexity="1" crap="2" count="0"/>
        <line num="100" type="stmt" count="0"/>
        <line num="102" type="stmt" count="0"/>
        <line num="110" type="method" name="getDateCreated" visibility="public" complexity="1" crap="2" count="0"/>
        <line num="112" type="stmt" count="0"/>
        <line num="122" type="method" name="setDateModified" visibility="public" complexity="1" crap="2" count="0"/>
        <line num="124" type="stmt" count="0"/>
        <line num="126" type="stmt" count="0"/>
        <line num="134" type="method" name="getDateModified" visibility="public" complexity="1" crap="2" count="0"/>
        <line num="136" type="stmt" count="0"/>
        <line num="146" type="method" name="setUser" visibility="public" complexity="1" crap="2" count="0"/>
        <line num="148" type="stmt" count="0"/>
        <line num="150" type="stmt" count="0"/>
        <line num="158" type="method" name="getUser" visibility="public" complexity="1" crap="2" count="0"/>
        <line num="160" type="stmt" count="0"/>
        <metrics loc="162" ncloc="73" classes="1" methods="9" coveredmethods="0" conditionals="0" coveredconditionals="0" statements="13" coveredstatements="0" elements="22" coveredelements="0"/>
      </file>
      <file name="C:\xampp\htdocs\protectyourdata\app\Models\Entity\UserBlacklistSocialNetwork.php">
        <class name="App\Models\Entity\UserBlacklistSocialNetwork" namespace="App\Models\Entity">
          <metrics complexity="7" methods="7" coveredmethods="0" conditionals="0" coveredconditionals="0" statements="10" coveredstatements="0" elements="17" coveredelements="0"/>
        </class>
        <line num="58" type="method" name="getId" visibility="public" complexity="1" crap="2" count="0"/>
        <line num="60" type="stmt" count="0"/>
        <line num="70" type="method" name="setActive" visibility="public" complexity="1" crap="2" count="0"/>
        <line num="72" type="stmt" count="0"/>
        <line num="74" type="stmt" count="0"/>
        <line num="82" type="method" name="getActive" visibility="public" complexity="1" crap="2" count="0"/>
        <line num="84" type="stmt" count="0"/>
        <line num="94" type="method" name="setUserBlacklist" visibility="public" complexity="1" crap="2" count="0"/>
        <line num="96" type="stmt" count="0"/>
        <line num="98" type="stmt" count="0"/>
        <line num="106" type="method" name="getUserBlacklist" visibility="public" complexity="1" crap="2" count="0"/>
        <line num="108" type="stmt" count="0"/>
        <line num="118" type="method" name="setUserSocialNetwork" visibility="public" complexity="1" crap="2" count="0"/>
        <line num="120" type="stmt" count="0"/>
        <line num="122" type="stmt" count="0"/>
        <line num="130" type="method" name="getUserSocialNetwork" visibility="public" complexity="1" crap="2" count="0"/>
        <line num="132" type="stmt" count="0"/>
        <metrics loc="134" ncloc="59" classes="1" methods="7" coveredmethods="0" conditionals="0" coveredconditionals="0" statements="10" coveredstatements="0" elements="17" coveredelements="0"/>
      </file>
      <file name="C:\xampp\htdocs\protectyourdata\app\Models\Entity\UserKeyword.php">
        <class name="App\Models\Entity\UserKeyword" namespace="App\Models\Entity">
          <metrics complexity="9" methods="9" coveredmethods="0" conditionals="0" coveredconditionals="0" statements="13" coveredstatements="0" elements="22" coveredelements="0"/>
        </class>
        <line num="62" type="method" name="getId" visibility="public" complexity="1" crap="2" count="0"/>
        <line num="64" type="stmt" count="0"/>
        <line num="74" type="method" name="setKeyword" visibility="public" complexity="1" crap="2" count="0"/>
        <line num="76" type="stmt" count="0"/>
        <line num="78" type="stmt" count="0"/>
        <line num="86" type="method" name="getKeyword" visibility="public" complexity="1" crap="2" count="0"/>
        <line num="88" type="stmt" count="0"/>
        <line num="98" type="method" name="setDateCreated" visibility="public" complexity="1" crap="2" count="0"/>
        <line num="100" type="stmt" count="0"/>
        <line num="102" type="stmt" count="0"/>
        <line num="110" type="method" name="getDateCreated" visibility="public" complexity="1" crap="2" count="0"/>
        <line num="112" type="stmt" count="0"/>
        <line num="122" type="method" name="setDateModified" visibility="public" complexity="1" crap="2" count="0"/>
        <line num="124" type="stmt" count="0"/>
        <line num="126" type="stmt" count="0"/>
        <line num="134" type="method" name="getDateModified" visibility="public" complexity="1" crap="2" count="0"/>
        <line num="136" type="stmt" count="0"/>
        <line num="146" type="method" name="setUser" visibility="public" complexity="1" crap="2" count="0"/>
        <line num="148" type="stmt" count="0"/>
        <line num="150" type="stmt" count="0"/>
        <line num="158" type="method" name="getUser" visibility="public" complexity="1" crap="2" count="0"/>
        <line num="160" type="stmt" count="0"/>
        <metrics loc="162" ncloc="73" classes="1" methods="9" coveredmethods="0" conditionals="0" coveredconditionals="0" statements="13" coveredstatements="0" elements="22" coveredelements="0"/>
      </file>
      <file name="C:\xampp\htdocs\protectyourdata\app\Models\Entity\UserKeywordSocialNetwork.php">
        <class name="App\Models\Entity\UserKeywordSocialNetwork" namespace="App\Models\Entity">
          <metrics complexity="15" methods="15" coveredmethods="0" conditionals="0" coveredconditionals="0" statements="22" coveredstatements="0" elements="37" coveredelements="0"/>
        </class>
        <line num="86" type="method" name="getId" visibility="public" complexity="1" crap="2" count="0"/>
        <line num="88" type="stmt" count="0"/>
        <line num="98" type="method" name="setShares" visibility="public" complexity="1" crap="2" count="0"/>
        <line num="100" type="stmt" count="0"/>
        <line num="102" type="stmt" count="0"/>
        <line num="110" type="method" name="getShares" visibility="public" complexity="1" crap="2" count="0"/>
        <line num="112" type="stmt" count="0"/>
        <line num="122" type="method" name="setLikes" visibility="public" complexity="1" crap="2" count="0"/>
        <line num="124" type="stmt" count="0"/>
        <line num="126" type="stmt" count="0"/>
        <line num="134" type="method" name="getLikes" visibility="public" complexity="1" crap="2" count="0"/>
        <line num="136" type="stmt" count="0"/>
        <line num="146" type="method" name="setFollows" visibility="public" complexity="1" crap="2" count="0"/>
        <line num="148" type="stmt" count="0"/>
        <line num="150" type="stmt" count="0"/>
        <line num="158" type="method" name="getFollows" visibility="public" complexity="1" crap="2" count="0"/>
        <line num="160" type="stmt" count="0"/>
        <line num="170" type="method" name="setMaxResults" visibility="public" complexity="1" crap="2" count="0"/>
        <line num="172" type="stmt" count="0"/>
        <line num="174" type="stmt" count="0"/>
        <line num="182" type="method" name="getMaxResults" visibility="public" complexity="1" crap="2" count="0"/>
        <line num="184" type="stmt" count="0"/>
        <line num="194" type="method" name="setActive" visibility="public" complexity="1" crap="2" count="0"/>
        <line num="196" type="stmt" count="0"/>
        <line num="198" type="stmt" count="0"/>
        <line num="206" type="method" name="getActive" visibility="public" complexity="1" crap="2" count="0"/>
        <line num="208" type="stmt" count="0"/>
        <line num="218" type="method" name="setUserKeyword" visibility="public" complexity="1" crap="2" count="0"/>
        <line num="220" type="stmt" count="0"/>
        <line num="222" type="stmt" count="0"/>
        <line num="230" type="method" name="getUserKeyword" visibility="public" complexity="1" crap="2" count="0"/>
        <line num="232" type="stmt" count="0"/>
        <line num="242" type="method" name="setUserSocialNetwork" visibility="public" complexity="1" crap="2" count="0"/>
        <line num="244" type="stmt" count="0"/>
        <line num="246" type="stmt" count="0"/>
        <line num="254" type="method" name="getUserSocialNetwork" visibility="public" complexity="1" crap="2" count="0"/>
        <line num="256" type="stmt" count="0"/>
        <metrics loc="258" ncloc="115" classes="1" methods="15" coveredmethods="0" conditionals="0" coveredconditionals="0" statements="22" coveredstatements="0" elements="37" coveredelements="0"/>
      </file>
      <file name="C:\xampp\htdocs\protectyourdata\app\Models\Entity\UserPayments.php">
        <class name="App\Models\Entity\UserPayments" namespace="App\Models\Entity">
          <metrics complexity="19" methods="19" coveredmethods="0" conditionals="0" coveredconditionals="0" statements="28" coveredstatements="0" elements="47" coveredelements="0"/>
        </class>
        <line num="100" type="method" name="getId" visibility="public" complexity="1" crap="2" count="0"/>
        <line num="102" type="stmt" count="0"/>
        <line num="112" type="method" name="setMethod" visibility="public" complexity="1" crap="2" count="0"/>
        <line num="114" type="stmt" count="0"/>
        <line num="116" type="stmt" count="0"/>
        <line num="124" type="method" name="getMethod" visibility="public" complexity="1" crap="2" count="0"/>
        <line num="126" type="stmt" count="0"/>
        <line num="136" type="method" name="setPaymentId" visibility="public" complexity="1" crap="2" count="0"/>
        <line num="138" type="stmt" count="0"/>
        <line num="140" type="stmt" count="0"/>
        <line num="148" type="method" name="getPaymentId" visibility="public" complexity="1" crap="2" count="0"/>
        <line num="150" type="stmt" count="0"/>
        <line num="160" type="method" name="setPrice" visibility="public" complexity="1" crap="2" count="0"/>
        <line num="162" type="stmt" count="0"/>
        <line num="164" type="stmt" count="0"/>
        <line num="172" type="method" name="getPrice" visibility="public" complexity="1" crap="2" count="0"/>
        <line num="174" type="stmt" count="0"/>
        <line num="184" type="method" name="setCurrencyCode" visibility="public" complexity="1" crap="2" count="0"/>
        <line num="186" type="stmt" count="0"/>
        <line num="188" type="stmt" count="0"/>
        <line num="196" type="method" name="getCurrencyCode" visibility="public" complexity="1" crap="2" count="0"/>
        <line num="198" type="stmt" count="0"/>
        <line num="208" type="method" name="setPayerEmail" visibility="public" complexity="1" crap="2" count="0"/>
        <line num="210" type="stmt" count="0"/>
        <line num="212" type="stmt" count="0"/>
        <line num="220" type="method" name="getPayerEmail" visibility="public" complexity="1" crap="2" count="0"/>
        <line num="222" type="stmt" count="0"/>
        <line num="232" type="method" name="setPaymentStatus" visibility="public" complexity="1" crap="2" count="0"/>
        <line num="234" type="stmt" count="0"/>
        <line num="236" type="stmt" count="0"/>
        <line num="244" type="method" name="getPaymentStatus" visibility="public" complexity="1" crap="2" count="0"/>
        <line num="246" type="stmt" count="0"/>
        <line num="256" type="method" name="setDateCreated" visibility="public" complexity="1" crap="2" count="0"/>
        <line num="258" type="stmt" count="0"/>
        <line num="260" type="stmt" count="0"/>
        <line num="268" type="method" name="getDateCreated" visibility="public" complexity="1" crap="2" count="0"/>
        <line num="270" type="stmt" count="0"/>
        <line num="280" type="method" name="setUser" visibility="public" complexity="1" crap="2" count="0"/>
        <line num="282" type="stmt" count="0"/>
        <line num="284" type="stmt" count="0"/>
        <line num="292" type="method" name="getUser" visibility="public" complexity="1" crap="2" count="0"/>
        <line num="294" type="stmt" count="0"/>
        <line num="304" type="method" name="setSocialNetworkPlan" visibility="public" complexity="1" crap="2" count="0"/>
        <line num="306" type="stmt" count="0"/>
        <line num="308" type="stmt" count="0"/>
        <line num="316" type="method" name="getSocialNetworkPlan" visibility="public" complexity="1" crap="2" count="0"/>
        <line num="318" type="stmt" count="0"/>
        <metrics loc="320" ncloc="143" classes="1" methods="19" coveredmethods="0" conditionals="0" coveredconditionals="0" statements="28" coveredstatements="0" elements="47" coveredelements="0"/>
      </file>
      <file name="C:\xampp\htdocs\protectyourdata\app\Models\Entity\UserSocialNetwork.php">
        <class name="App\Models\Entity\UserSocialNetwork" namespace="App\Models\Entity">
          <metrics complexity="13" methods="13" coveredmethods="0" conditionals="0" coveredconditionals="0" statements="19" coveredstatements="0" elements="32" coveredelements="0"/>
        </class>
        <line num="79" type="method" name="getId" visibility="public" complexity="1" crap="2" count="0"/>
        <line num="81" type="stmt" count="0"/>
        <line num="91" type="method" name="setConfiguration" visibility="public" complexity="1" crap="2" count="0"/>
        <line num="93" type="stmt" count="0"/>
        <line num="95" type="stmt" count="0"/>
        <line num="103" type="method" name="getConfiguration" visibility="public" complexity="1" crap="2" count="0"/>
        <line num="105" type="stmt" count="0"/>
        <line num="115" type="method" name="setDateCreated" visibility="public" complexity="1" crap="2" count="0"/>
        <line num="117" type="stmt" count="0"/>
        <line num="119" type="stmt" count="0"/>
        <line num="127" type="method" name="getDateCreated" visibility="public" complexity="1" crap="2" count="0"/>
        <line num="129" type="stmt" count="0"/>
        <line num="139" type="method" name="setDateModified" visibility="public" complexity="1" crap="2" count="0"/>
        <line num="141" type="stmt" count="0"/>
        <line num="143" type="stmt" count="0"/>
        <line num="151" type="method" name="getDateModified" visibility="public" complexity="1" crap="2" count="0"/>
        <line num="153" type="stmt" count="0"/>
        <line num="163" type="method" name="setActive" visibility="public" complexity="1" crap="2" count="0"/>
        <line num="165" type="stmt" count="0"/>
        <line num="167" type="stmt" count="0"/>
        <line num="175" type="method" name="getActive" visibility="public" complexity="1" crap="2" count="0"/>
        <line num="177" type="stmt" count="0"/>
        <line num="187" type="method" name="setSocialNetwork" visibility="public" complexity="1" crap="2" count="0"/>
        <line num="189" type="stmt" count="0"/>
        <line num="191" type="stmt" count="0"/>
        <line num="199" type="method" name="getSocialNetwork" visibility="public" complexity="1" crap="2" count="0"/>
        <line num="201" type="stmt" count="0"/>
        <line num="211" type="method" name="setUser" visibility="public" complexity="1" crap="2" count="0"/>
        <line num="213" type="stmt" count="0"/>
        <line num="215" type="stmt" count="0"/>
        <line num="223" type="method" name="getUser" visibility="public" complexity="1" crap="2" count="0"/>
        <line num="225" type="stmt" count="0"/>
        <metrics loc="227" ncloc="101" classes="1" methods="13" coveredmethods="0" conditionals="0" coveredconditionals="0" statements="19" coveredstatements="0" elements="32" coveredelements="0"/>
      </file>
      <file name="C:\xampp\htdocs\protectyourdata\app\Models\Entity\UserSocialNetworkHistorical.php">
        <class name="App\Models\Entity\UserSocialNetworkHistorical" namespace="App\Models\Entity">
          <metrics complexity="9" methods="9" coveredmethods="0" conditionals="0" coveredconditionals="0" statements="13" coveredstatements="0" elements="22" coveredelements="0"/>
        </class>
        <line num="62" type="method" name="getId" visibility="public" complexity="1" crap="2" count="0"/>
        <line num="64" type="stmt" count="0"/>
        <line num="74" type="method" name="setFollowers" visibility="public" complexity="1" crap="2" count="0"/>
        <line num="76" type="stmt" count="0"/>
        <line num="78" type="stmt" count="0"/>
        <line num="86" type="method" name="getFollowers" visibility="public" complexity="1" crap="2" count="0"/>
        <line num="88" type="stmt" count="0"/>
        <line num="98" type="method" name="setFriends" visibility="public" complexity="1" crap="2" count="0"/>
        <line num="100" type="stmt" count="0"/>
        <line num="102" type="stmt" count="0"/>
        <line num="110" type="method" name="getFriends" visibility="public" complexity="1" crap="2" count="0"/>
        <line num="112" type="stmt" count="0"/>
        <line num="122" type="method" name="setDateCreated" visibility="public" complexity="1" crap="2" count="0"/>
        <line num="124" type="stmt" count="0"/>
        <line num="126" type="stmt" count="0"/>
        <line num="134" type="method" name="getDateCreated" visibility="public" complexity="1" crap="2" count="0"/>
        <line num="136" type="stmt" count="0"/>
        <line num="146" type="method" name="setUserSocialNetwork" visibility="public" complexity="1" crap="2" count="0"/>
        <line num="148" type="stmt" count="0"/>
        <line num="150" type="stmt" count="0"/>
        <line num="158" type="method" name="getUserSocialNetwork" visibility="public" complexity="1" crap="2" count="0"/>
        <line num="160" type="stmt" count="0"/>
        <metrics loc="162" ncloc="73" classes="1" methods="9" coveredmethods="0" conditionals="0" coveredconditionals="0" statements="13" coveredstatements="0" elements="22" coveredelements="0"/>
      </file>
      <file name="C:\xampp\htdocs\protectyourdata\app\Models\Entity\UserSocialNetworkNotification.php">
        <class name="App\Models\Entity\UserSocialNetworkNotification" namespace="App\Models\Entity">
          <metrics complexity="9" methods="9" coveredmethods="0" conditionals="0" coveredconditionals="0" statements="13" coveredstatements="0" elements="22" coveredelements="0"/>
        </class>
        <line num="62" type="method" name="getId" visibility="public" complexity="1" crap="2" count="0"/>
        <line num="64" type="stmt" count="0"/>
        <line num="74" type="method" name="setMessage" visibility="public" complexity="1" crap="2" count="0"/>
        <line num="76" type="stmt" count="0"/>
        <line num="78" type="stmt" count="0"/>
        <line num="86" type="method" name="getMessage" visibility="public" complexity="1" crap="2" count="0"/>
        <line num="88" type="stmt" count="0"/>
        <line num="98" type="method" name="setDescription" visibility="public" complexity="1" crap="2" count="0"/>
        <line num="100" type="stmt" count="0"/>
        <line num="102" type="stmt" count="0"/>
        <line num="110" type="method" name="getDescription" visibility="public" complexity="1" crap="2" count="0"/>
        <line num="112" type="stmt" count="0"/>
        <line num="122" type="method" name="setDateCreated" visibility="public" complexity="1" crap="2" count="0"/>
        <line num="124" type="stmt" count="0"/>
        <line num="126" type="stmt" count="0"/>
        <line num="134" type="method" name="getDateCreated" visibility="public" complexity="1" crap="2" count="0"/>
        <line num="136" type="stmt" count="0"/>
        <line num="146" type="method" name="setUserSocialNetwork" visibility="public" complexity="1" crap="2" count="0"/>
        <line num="148" type="stmt" count="0"/>
        <line num="150" type="stmt" count="0"/>
        <line num="158" type="method" name="getUserSocialNetwork" visibility="public" complexity="1" crap="2" count="0"/>
        <line num="160" type="stmt" count="0"/>
        <metrics loc="162" ncloc="73" classes="1" methods="9" coveredmethods="0" conditionals="0" coveredconditionals="0" statements="13" coveredstatements="0" elements="22" coveredelements="0"/>
      </file>
      <file name="C:\xampp\htdocs\protectyourdata\app\Models\Entity\UserSocialNetworkPlan.php">
        <class name="App\Models\Entity\UserSocialNetworkPlan" namespace="App\Models\Entity">
          <metrics complexity="9" methods="9" coveredmethods="0" conditionals="0" coveredconditionals="0" statements="13" coveredstatements="0" elements="22" coveredelements="0"/>
        </class>
        <line num="65" type="method" name="getId" visibility="public" complexity="1" crap="2" count="0"/>
        <line num="67" type="stmt" count="0"/>
        <line num="77" type="method" name="setDateStart" visibility="public" complexity="1" crap="2" count="0"/>
        <line num="79" type="stmt" count="0"/>
        <line num="81" type="stmt" count="0"/>
        <line num="89" type="method" name="getDateStart" visibility="public" complexity="1" crap="2" count="0"/>
        <line num="91" type="stmt" count="0"/>
        <line num="101" type="method" name="setDateEnd" visibility="public" complexity="1" crap="2" count="0"/>
        <line num="103" type="stmt" count="0"/>
        <line num="105" type="stmt" count="0"/>
        <line num="113" type="method" name="getDateEnd" visibility="public" complexity="1" crap="2" count="0"/>
        <line num="115" type="stmt" count="0"/>
        <line num="125" type="method" name="setSocialNetworkPlan" visibility="public" complexity="1" crap="2" count="0"/>
        <line num="127" type="stmt" count="0"/>
        <line num="129" type="stmt" count="0"/>
        <line num="137" type="method" name="getSocialNetworkPlan" visibility="public" complexity="1" crap="2" count="0"/>
        <line num="139" type="stmt" count="0"/>
        <line num="149" type="method" name="setUserSocialNetwork" visibility="public" complexity="1" crap="2" count="0"/>
        <line num="151" type="stmt" count="0"/>
        <line num="153" type="stmt" count="0"/>
        <line num="161" type="method" name="getUserSocialNetwork" visibility="public" complexity="1" crap="2" count="0"/>
        <line num="163" type="stmt" count="0"/>
        <metrics loc="165" ncloc="73" classes="1" methods="9" coveredmethods="0" conditionals="0" coveredconditionals="0" statements="13" coveredstatements="0" elements="22" coveredelements="0"/>
      </file>
      <file name="C:\xampp\htdocs\protectyourdata\app\Models\Entity\UserSocialNetworkStatistics.php">
[...]
        <line num="354" type="stmt" count="0"/>
        <line num="356" type="stmt" count="0"/>
        <line num="362" type="method" name="getUserSocialNetworkPlan" visibility="public" complexity="2" crap="6" count="0"/>
        <line num="365" type="stmt" count="0"/>
        <line num="367" type="stmt" count="0"/>
        <metrics loc="370" ncloc="248" classes="1" methods="29" coveredmethods="0" conditionals="0" coveredconditionals="0" statements="65" coveredstatements="0" elements="94" coveredelements="0"/>
      </file>
      <file name="C:\xampp\htdocs\protectyourdata\app\Models\Proxies\__CG__AppModelsEntityUserSocialNetworkTask.php">
        <class name="DoctrineProxies\__CG__\App\Models\Entity\UserSocialNetworkTask" namespace="DoctrineProxies\__CG__\App\Models\Entity">
          <metrics complexity="55" methods="29" coveredmethods="0" conditionals="0" coveredconditionals="0" statements="65" coveredstatements="0" elements="94" coveredelements="0"/>
        </class>
        <line num="49" type="method" name="__construct" visibility="public" complexity="3" crap="12" count="0"/>
        <line num="52" type="stmt" count="0"/>
        <line num="53" type="stmt" count="0"/>
        <line num="54" type="stmt" count="0"/>
        <line num="66" type="method" name="__sleep" visibility="public" complexity="2" crap="6" count="0"/>
        <line num="68" type="stmt" count="0"/>
        <line num="69" type="stmt" count="0"/>
        <line num="72" type="stmt" count="0"/>
        <line num="78" type="method" name="__wakeup" visibility="public" complexity="4" crap="20" count="0"/>
        <line num="80" type="stmt" count="0"/>
        <line num="82" type="stmt" count="0"/>
        <line num="83" type="stmt" count="0"/>
        <line num="85" type="stmt" count="0"/>
        <line num="87" type="stmt" count="0"/>
        <line num="88" type="stmt" count="0"/>
        <line num="89" type="stmt" count="0"/>
        <line num="92" type="stmt" count="0"/>
        <line num="95" type="stmt" count="0"/>
        <line num="100" type="method" name="__clone" visibility="public" complexity="2" crap="6" count="0"/>
        <line num="102" type="stmt" count="0"/>
        <line num="103" type="stmt" count="0"/>
        <line num="108" type="method" name="__load" visibility="public" complexity="2" crap="6" count="0"/>
        <line num="110" type="stmt" count="0"/>
        <line num="111" type="stmt" count="0"/>
        <line num="117" type="method" name="__isInitialized" visibility="public" complexity="1" crap="2" count="0"/>
        <line num="119" type="stmt" count="0"/>
        <line num="126" type="method" name="__setInitialized" visibility="public" complexity="1" crap="2" count="0"/>
        <line num="128" type="stmt" count="0"/>
        <line num="129" type="stmt" count="0"/>
        <line num="135" type="method" name="__setInitializer" visibility="public" complexity="1" crap="2" count="0"/>
        <line num="137" type="stmt" count="0"/>
        <line num="138" type="stmt" count="0"/>
        <line num="144" type="method" name="__getInitializer" visibility="public" complexity="1" crap="2" count="0"/>
        <line num="146" type="stmt" count="0"/>
        <line num="153" type="method" name="__setCloner" visibility="public" complexity="1" crap="2" count="0"/>
        <line num="155" type="stmt" count="0"/>
        <line num="156" type="stmt" count="0"/>
        <line num="162" type="method" name="__getCloner" visibility="public" complexity="1" crap="2" count="0"/>
        <line num="164" type="stmt" count="0"/>
        <line num="173" type="method" name="__getLazyProperties" visibility="public" complexity="1" crap="2" count="0"/>
        <line num="175" type="stmt" count="0"/>
        <line num="182" type="method" name="getId" visibility="public" complexity="3" crap="12" count="0"/>
        <line num="184" type="stmt" count="0"/>
        <line num="185" type="stmt" count="0"/>
        <line num="189" type="stmt" count="0"/>
        <line num="191" type="stmt" count="0"/>
        <line num="197" type="method" name="setExecAt" visibility="public" complexity="2" crap="6" count="0"/>
        <line num="200" type="stmt" count="0"/>
        <line num="202" type="stmt" count="0"/>
        <line num="208" type="method" name="getExecAt" visibility="public" complexity="2" crap="6" count="0"/>
        <line num="211" type="stmt" count="0"/>
        <line num="213" type="stmt" count="0"/>
        <line num="219" type="method" name="setInProgress" visibility="public" complexity="2" crap="6" count="0"/>
        <line num="222" type="stmt" count="0"/>
        <line num="224" type="stmt" count="0"/>
        <line num="230" type="method" name="getInProgress" visibility="public" complexity="2" crap="6" count="0"/>
        <line num="233" type="stmt" count="0"/>
        <line num="235" type="stmt" count="0"/>
        <line num="241" type="method" name="setLastExecution" visibility="public" complexity="2" crap="6" count="0"/>
        <line num="244" type="stmt" count="0"/>
        <line num="246" type="stmt" count="0"/>
        <line num="252" type="method" name="getLastExecution" visibility="public" complexity="2" crap="6" count="0"/>
        <line num="255" type="stmt" count="0"/>
        <line num="257" type="stmt" count="0"/>
        <line num="263" type="method" name="setDateModified" visibility="public" complexity="2" crap="6" count="0"/>
        <line num="266" type="stmt" count="0"/>
        <line num="268" type="stmt" count="0"/>
        <line num="274" type="method" name="getDateModified" visibility="public" complexity="2" crap="6" count="0"/>
        <line num="277" type="stmt" count="0"/>
        <line num="279" type="stmt" count="0"/>
        <line num="285" type="method" name="setEditable" visibility="public" complexity="2" crap="6" count="0"/>
        <line num="288" type="stmt" count="0"/>
        <line num="290" type="stmt" count="0"/>
        <line num="296" type="method" name="getEditable" visibility="public" complexity="2" crap="6" count="0"/>
        <line num="299" type="stmt" count="0"/>
        <line num="301" type="stmt" count="0"/>
        <line num="307" type="method" name="setActive" visibility="public" complexity="2" crap="6" count="0"/>
        <line num="310" type="stmt" count="0"/>
        <line num="312" type="stmt" count="0"/>
        <line num="318" type="method" name="getActive" visibility="public" complexity="2" crap="6" count="0"/>
        <line num="321" type="stmt" count="0"/>
        <line num="323" type="stmt" count="0"/>
        <line num="329" type="method" name="setSocialNetworkAutomatonJob" visibility="public" complexity="2" crap="6" count="0"/>
        <line num="332" type="stmt" count="0"/>
        <line num="334" type="stmt" count="0"/>
        <line num="340" type="method" name="getSocialNetworkAutomatonJob" visibility="public" complexity="2" crap="6" count="0"/>
        <line num="343" type="stmt" count="0"/>
        <line num="345" type="stmt" count="0"/>
        <line num="351" type="method" name="setUserSocialNetwork" visibility="public" complexity="2" crap="6" count="0"/>
        <line num="354" type="stmt" count="0"/>
        <line num="356" type="stmt" count="0"/>
        <line num="362" type="method" name="getUserSocialNetwork" visibility="public" complexity="2" crap="6" count="0"/>
        <line num="365" type="stmt" count="0"/>
        <line num="367" type="stmt" count="0"/>
        <metrics loc="370" ncloc="248" classes="1" methods="29" coveredmethods="0" conditionals="0" coveredconditionals="0" statements="65" coveredstatements="0" elements="94" coveredelements="0"/>
      </file>
      <file name="C:\xampp\htdocs\protectyourdata\app\Models\Proxies\__CG__AppModelsEntityUserTracking.php">
        <class name="DoctrineProxies\__CG__\App\Models\Entity\UserTracking" namespace="DoctrineProxies\__CG__\App\Models\Entity">
          <metrics complexity="39" methods="21" coveredmethods="0" conditionals="0" coveredconditionals="0" statements="49" coveredstatements="0" elements="70" coveredelements="0"/>
        </class>
        <line num="49" type="method" name="__construct" visibility="public" complexity="3" crap="12" count="0"/>
        <line num="52" type="stmt" count="0"/>
        <line num="53" type="stmt" count="0"/>
        <line num="54" type="stmt" count="0"/>
        <line num="66" type="method" name="__sleep" visibility="public" complexity="2" crap="6" count="0"/>
        <line num="68" type="stmt" count="0"/>
        <line num="69" type="stmt" count="0"/>
        <line num="72" type="stmt" count="0"/>
        <line num="78" type="method" name="__wakeup" visibility="public" complexity="4" crap="20" count="0"/>
        <line num="80" type="stmt" count="0"/>
        <line num="82" type="stmt" count="0"/>
        <line num="83" type="stmt" count="0"/>
        <line num="85" type="stmt" count="0"/>
        <line num="87" type="stmt" count="0"/>
        <line num="88" type="stmt" count="0"/>
        <line num="89" type="stmt" count="0"/>
        <line num="92" type="stmt" count="0"/>
        <line num="95" type="stmt" count="0"/>
        <line num="100" type="method" name="__clone" visibility="public" complexity="2" crap="6" count="0"/>
        <line num="102" type="stmt" count="0"/>
        <line num="103" type="stmt" count="0"/>
        <line num="108" type="method" name="__load" visibility="public" complexity="2" crap="6" count="0"/>
        <line num="110" type="stmt" count="0"/>
        <line num="111" type="stmt" count="0"/>
        <line num="117" type="method" name="__isInitialized" visibility="public" complexity="1" crap="2" count="0"/>
        <line num="119" type="stmt" count="0"/>
        <line num="126" type="method" name="__setInitialized" visibility="public" complexity="1" crap="2" count="0"/>
        <line num="128" type="stmt" count="0"/>
        <line num="129" type="stmt" count="0"/>
        <line num="135" type="method" name="__setInitializer" visibility="public" complexity="1" crap="2" count="0"/>
        <line num="137" type="stmt" count="0"/>
        <line num="138" type="stmt" count="0"/>
        <line num="144" type="method" name="__getInitializer" visibility="public" complexity="1" crap="2" count="0"/>
        <line num="146" type="stmt" count="0"/>
        <line num="153" type="method" name="__setCloner" visibility="public" complexity="1" crap="2" count="0"/>
        <line num="155" type="stmt" count="0"/>
        <line num="156" type="stmt" count="0"/>
        <line num="162" type="method" name="__getCloner" visibility="public" complexity="1" crap="2" count="0"/>
        <line num="164" type="stmt" count="0"/>
        <line num="173" type="method" name="__getLazyProperties" visibility="public" complexity="1" crap="2" count="0"/>
        <line num="175" type="stmt" count="0"/>
        <line num="182" type="method" name="getId" visibility="public" complexity="3" crap="12" count="0"/>
        <line num="184" type="stmt" count="0"/>
        <line num="185" type="stmt" count="0"/>
        <line num="189" type="stmt" count="0"/>
        <line num="191" type="stmt" count="0"/>
        <line num="197" type="method" name="setTracked" visibility="public" complexity="2" crap="6" count="0"/>
        <line num="200" type="stmt" count="0"/>
        <line num="202" type="stmt" count="0"/>
        <line num="208" type="method" name="getTracked" visibility="public" complexity="2" crap="6" count="0"/>
        <line num="211" type="stmt" count="0"/>
        <line num="213" type="stmt" count="0"/>
        <line num="219" type="method" name="setDateCreated" visibility="public" complexity="2" crap="6" count="0"/>
        <line num="222" type="stmt" count="0"/>
        <line num="224" type="stmt" count="0"/>
        <line num="230" type="method" name="getDateCreated" visibility="public" complexity="2" crap="6" count="0"/>
        <line num="233" type="stmt" count="0"/>
        <line num="235" type="stmt" count="0"/>
        <line num="241" type="method" name="setDateModified" visibility="public" complexity="2" crap="6" count="0"/>
        <line num="244" type="stmt" count="0"/>
        <line num="246" type="stmt" count="0"/>
        <line num="252" type="method" name="getDateModified" visibility="public" complexity="2" crap="6" count="0"/>
        <line num="255" type="stmt" count="0"/>
        <line num="257" type="stmt" count="0"/>
        <line num="263" type="method" name="setUser" visibility="public" complexity="2" crap="6" count="0"/>
        <line num="266" type="stmt" count="0"/>
        <line num="268" type="stmt" count="0"/>
        <line num="274" type="method" name="getUser" visibility="public" complexity="2" crap="6" count="0"/>
        <line num="277" type="stmt" count="0"/>
        <line num="279" type="stmt" count="0"/>
        <metrics loc="282" ncloc="184" classes="1" methods="21" coveredmethods="0" conditionals="0" coveredconditionals="0" statements="49" coveredstatements="0" elements="70" coveredelements="0"/>
      </file>
      <file name="C:\xampp\htdocs\protectyourdata\app\Models\Proxies\__CG__AppModelsEntityUserTrackingSocialNetwork.php">
        <class name="DoctrineProxies\__CG__\App\Models\Entity\UserTrackingSocialNetwork" namespace="DoctrineProxies\__CG__\App\Models\Entity">
          <metrics complexity="51" methods="27" coveredmethods="0" conditionals="0" coveredconditionals="0" statements="61" coveredstatements="0" elements="88" coveredelements="0"/>
        </class>
        <line num="49" type="method" name="__construct" visibility="public" complexity="3" crap="12" count="0"/>
        <line num="52" type="stmt" count="0"/>
        <line num="53" type="stmt" count="0"/>
        <line num="54" type="stmt" count="0"/>
        <line num="66" type="method" name="__sleep" visibility="public" complexity="2" crap="6" count="0"/>
        <line num="68" type="stmt" count="0"/>
        <line num="69" type="stmt" count="0"/>
        <line num="72" type="stmt" count="0"/>
        <line num="78" type="method" name="__wakeup" visibility="public" complexity="4" crap="20" count="0"/>
        <line num="80" type="stmt" count="0"/>
        <line num="82" type="stmt" count="0"/>
        <line num="83" type="stmt" count="0"/>
        <line num="85" type="stmt" count="0"/>
        <line num="87" type="stmt" count="0"/>
        <line num="88" type="stmt" count="0"/>
        <line num="89" type="stmt" count="0"/>
        <line num="92" type="stmt" count="0"/>
        <line num="95" type="stmt" count="0"/>
        <line num="100" type="method" name="__clone" visibility="public" complexity="2" crap="6" count="0"/>
        <line num="102" type="stmt" count="0"/>
        <line num="103" type="stmt" count="0"/>
        <line num="108" type="method" name="__load" visibility="public" complexity="2" crap="6" count="0"/>
        <line num="110" type="stmt" count="0"/>
        <line num="111" type="stmt" count="0"/>
        <line num="117" type="method" name="__isInitialized" visibility="public" complexity="1" crap="2" count="0"/>
        <line num="119" type="stmt" count="0"/>
        <line num="126" type="method" name="__setInitialized" visibility="public" complexity="1" crap="2" count="0"/>
        <line num="128" type="stmt" count="0"/>
        <line num="129" type="stmt" count="0"/>
        <line num="135" type="method" name="__setInitializer" visibility="public" complexity="1" crap="2" count="0"/>
        <line num="137" type="stmt" count="0"/>
        <line num="138" type="stmt" count="0"/>
        <line num="144" type="method" name="__getInitializer" visibility="public" complexity="1" crap="2" count="0"/>
        <line num="146" type="stmt" count="0"/>
        <line num="153" type="method" name="__setCloner" visibility="public" complexity="1" crap="2" count="0"/>
        <line num="155" type="stmt" count="0"/>
        <line num="156" type="stmt" count="0"/>
        <line num="162" type="method" name="__getCloner" visibility="public" complexity="1" crap="2" count="0"/>
        <line num="164" type="stmt" count="0"/>
        <line num="173" type="method" name="__getLazyProperties" visibility="public" complexity="1" crap="2" count="0"/>
        <line num="175" type="stmt" count="0"/>
        <line num="182" type="method" name="getId" visibility="public" complexity="3" crap="12" count="0"/>
        <line num="184" type="stmt" count="0"/>
        <line num="185" type="stmt" count="0"/>
        <line num="189" type="stmt" count="0"/>
        <line num="191" type="stmt" count="0"/>
        <line num="197" type="method" name="setShares" visibility="public" complexity="2" crap="6" count="0"/>
        <line num="200" type="stmt" count="0"/>
        <line num="202" type="stmt" count="0"/>
        <line num="208" type="method" name="getShares" visibility="public" complexity="2" crap="6" count="0"/>
        <line num="211" type="stmt" count="0"/>
        <line num="213" type="stmt" count="0"/>
        <line num="219" type="method" name="setLikes" visibility="public" complexity="2" crap="6" count="0"/>
        <line num="222" type="stmt" count="0"/>
        <line num="224" type="stmt" count="0"/>
        <line num="230" type="method" name="getLikes" visibility="public" complexity="2" crap="6" count="0"/>
        <line num="233" type="stmt" count="0"/>
        <line num="235" type="stmt" count="0"/>
        <line num="241" type="method" name="setFollows" visibility="public" complexity="2" crap="6" count="0"/>
        <line num="244" type="stmt" count="0"/>
        <line num="246" type="stmt" count="0"/>
        <line num="252" type="method" name="getFollows" visibility="public" complexity="2" crap="6" count="0"/>
        <line num="255" type="stmt" count="0"/>
        <line num="257" type="stmt" count="0"/>
        <line num="263" type="method" name="setMaxResults" visibility="public" complexity="2" crap="6" count="0"/>
        <line num="266" type="stmt" count="0"/>
        <line num="268" type="stmt" count="0"/>
        <line num="274" type="method" name="getMaxResults" visibility="public" complexity="2" crap="6" count="0"/>
        <line num="277" type="stmt" count="0"/>
        <line num="279" type="stmt" count="0"/>
        <line num="285" type="method" name="setActive" visibility="public" complexity="2" crap="6" count="0"/>
        <line num="288" type="stmt" count="0"/>
        <line num="290" type="stmt" count="0"/>
        <line num="296" type="method" name="getActive" visibility="public" complexity="2" crap="6" count="0"/>
        <line num="299" type="stmt" count="0"/>
        <line num="301" type="stmt" count="0"/>
        <line num="307" type="method" name="setUserSocialNetwork" visibility="public" complexity="2" crap="6" count="0"/>
        <line num="310" type="stmt" count="0"/>
        <line num="312" type="stmt" count="0"/>
        <line num="318" type="method" name="getUserSocialNetwork" visibility="public" complexity="2" crap="6" count="0"/>
        <line num="321" type="stmt" count="0"/>
        <line num="323" type="stmt" count="0"/>
        <line num="329" type="method" name="setUserTracking" visibility="public" complexity="2" crap="6" count="0"/>
        <line num="332" type="stmt" count="0"/>
        <line num="334" type="stmt" count="0"/>
        <line num="340" type="method" name="getUserTracking" visibility="public" complexity="2" crap="6" count="0"/>
        <line num="343" type="stmt" count="0"/>
        <line num="345" type="stmt" count="0"/>
        <metrics loc="348" ncloc="232" classes="1" methods="27" coveredmethods="0" conditionals="0" coveredconditionals="0" statements="61" coveredstatements="0" elements="88" coveredelements="0"/>
      </file>
    </package>
    <metrics files="83" loc="15468" ncloc="8652" classes="53" methods="885" coveredmethods="1" conditionals="0" coveredconditionals="0" statements="1852" coveredstatements="9" elements="2737" coveredelements="10"/>
  </project>
</coverage>
